# JRE version: OpenJDK Runtime Environment (17.0.10) (build 17.0.10+0--11446219)
# Java VM: OpenJDK 64-Bit Server VM (17.0.10+0--11446219, mixed mode, tiered, compressed oops, compressed class ptrs, g1 gc, windows-amd64)
GC Precious Log:
 CPUs: 12 total, 12 available
 Memory: 8009M
 Large Page Support: Disabled
 NUMA Support: Disabled
 Compressed Oops: Enabled (32-bit)
 Heap Region Size: 1M
 Heap Min Capacity: 8M
 Heap Initial Capacity: 126M
 Heap Max Capacity: 2G
 Pre-touch: Disabled
 Parallel Workers: 10
 Concurrent Workers: 3
 Concurrent Refinement Workers: 10
 Periodic GC: Disabled
Heap:
 garbage-first heap   total 135168K, used 77429K [0x0000000080000000, 0x0000000100000000)
  region size 1024K, 4 young (4096K), 4 survivors (4096K)
 Metaspace       used 96351K, committed 96960K, reserved 1179648K
  class space    used 13229K, committed 13504K, reserved 1048576K
GC Heap History (20 events):
Event: 72.189 GC heap after
{Heap after GC invocations=26 (full 0):
 garbage-first heap   total 94208K, used 54429K [0x0000000080000000, 0x0000000100000000)
  region size 1024K, 3 young (3072K), 3 survivors (3072K)
 Metaspace       used 70136K, committed 70720K, reserved 1114112K
  class space    used 9400K, committed 9664K, reserved 1048576K
}
Event: 72.222 GC heap before
{Heap before GC invocations=27 (full 0):
 garbage-first heap   total 112640K, used 66717K [0x0000000080000000, 0x0000000100000000)
  region size 1024K, 12 young (12288K), 3 survivors (3072K)
 Metaspace       used 70141K, committed 70720K, reserved 1114112K
  class space    used 9401K, committed 9664K, reserved 1048576K
}
Event: 72.226 GC heap after
{Heap after GC invocations=28 (full 0):
 garbage-first heap   total 135168K, used 60313K [0x0000000080000000, 0x0000000100000000)
  region size 1024K, 3 young (3072K), 3 survivors (3072K)
 Metaspace       used 70141K, committed 70720K, reserved 1114112K
  class space    used 9401K, committed 9664K, reserved 1048576K
}
Event: 72.517 GC heap before
{Heap before GC invocations=28 (full 0):
 garbage-first heap   total 135168K, used 96153K [0x0000000080000000, 0x0000000100000000)
  region size 1024K, 36 young (36864K), 3 survivors (3072K)
 Metaspace       used 72542K, committed 73088K, reserved 1114112K
  class space    used 9731K, committed 9984K, reserved 1048576K
}
Event: 72.520 GC heap after
{Heap after GC invocations=29 (full 0):
 garbage-first heap   total 135168K, used 58656K [0x0000000080000000, 0x0000000100000000)
  region size 1024K, 3 young (3072K), 3 survivors (3072K)
 Metaspace       used 72542K, committed 73088K, reserved 1114112K
  class space    used 9731K, committed 9984K, reserved 1048576K
}
Event: 72.875 GC heap before
{Heap before GC invocations=29 (full 0):
 garbage-first heap   total 135168K, used 96544K [0x0000000080000000, 0x0000000100000000)
  region size 1024K, 40 young (40960K), 3 survivors (3072K)
 Metaspace       used 76292K, committed 76864K, reserved 1179648K
  class space    used 10252K, committed 10560K, reserved 1048576K
}
Event: 72.877 GC heap after
{Heap after GC invocations=30 (full 0):
 garbage-first heap   total 135168K, used 60080K [0x0000000080000000, 0x0000000100000000)
  region size 1024K, 2 young (2048K), 2 survivors (2048K)
 Metaspace       used 76292K, committed 76864K, reserved 1179648K
  class space    used 10252K, committed 10560K, reserved 1048576K
}
Event: 73.207 GC heap before
{Heap before GC invocations=30 (full 0):
 garbage-first heap   total 135168K, used 98992K [0x0000000080000000, 0x0000000100000000)
  region size 1024K, 40 young (40960K), 2 survivors (2048K)
 Metaspace       used 79575K, committed 80192K, reserved 1179648K
  class space    used 10651K, committed 10944K, reserved 1048576K
}
Event: 73.210 GC heap after
{Heap after GC invocations=31 (full 0):
 garbage-first heap   total 135168K, used 62708K [0x0000000080000000, 0x0000000100000000)
  region size 1024K, 5 young (5120K), 5 survivors (5120K)
 Metaspace       used 79575K, committed 80192K, reserved 1179648K
  class space    used 10651K, committed 10944K, reserved 1048576K
}
Event: 73.540 GC heap before
{Heap before GC invocations=31 (full 0):
 garbage-first heap   total 135168K, used 101620K [0x0000000080000000, 0x0000000100000000)
  region size 1024K, 43 young (44032K), 5 survivors (5120K)
 Metaspace       used 82486K, committed 83072K, reserved 1179648K
  class space    used 11115K, committed 11392K, reserved 1048576K
}
Event: 73.543 GC heap after
{Heap after GC invocations=32 (full 0):
 garbage-first heap   total 135168K, used 64031K [0x0000000080000000, 0x0000000100000000)
  region size 1024K, 4 young (4096K), 4 survivors (4096K)
 Metaspace       used 82486K, committed 83072K, reserved 1179648K
  class space    used 11115K, committed 11392K, reserved 1048576K
}
Event: 73.955 GC heap before
{Heap before GC invocations=32 (full 0):
 garbage-first heap   total 135168K, used 103967K [0x0000000080000000, 0x0000000100000000)
  region size 1024K, 43 young (44032K), 4 survivors (4096K)
 Metaspace       used 85692K, committed 86272K, reserved 1179648K
  class space    used 11706K, committed 11968K, reserved 1048576K
}
Event: 73.959 GC heap after
{Heap after GC invocations=33 (full 0):
 garbage-first heap   total 135168K, used 65907K [0x0000000080000000, 0x0000000100000000)
  region size 1024K, 4 young (4096K), 4 survivors (4096K)
 Metaspace       used 85692K, committed 86272K, reserved 1179648K
  class space    used 11706K, committed 11968K, reserved 1048576K
}
Event: 74.342 GC heap before
{Heap before GC invocations=34 (full 0):
 garbage-first heap   total 135168K, used 105843K [0x0000000080000000, 0x0000000100000000)
  region size 1024K, 43 young (44032K), 4 survivors (4096K)
 Metaspace       used 89073K, committed 89664K, reserved 1179648K
  class space    used 12215K, committed 12480K, reserved 1048576K
}
Event: 74.346 GC heap after
{Heap after GC invocations=35 (full 0):
 garbage-first heap   total 135168K, used 68153K [0x0000000080000000, 0x0000000100000000)
  region size 1024K, 6 young (6144K), 6 survivors (6144K)
 Metaspace       used 89073K, committed 89664K, reserved 1179648K
  class space    used 12215K, committed 12480K, reserved 1048576K
}
Event: 74.702 GC heap before
{Heap before GC invocations=35 (full 0):
 garbage-first heap   total 135168K, used 108089K [0x0000000080000000, 0x0000000100000000)
  region size 1024K, 45 young (46080K), 6 survivors (6144K)
 Metaspace       used 92860K, committed 93504K, reserved 1179648K
  class space    used 12793K, committed 13056K, reserved 1048576K
}
Event: 74.707 GC heap after
{Heap after GC invocations=36 (full 0):
 garbage-first heap   total 135168K, used 70222K [0x0000000080000000, 0x0000000100000000)
  region size 1024K, 5 young (5120K), 5 survivors (5120K)
 Metaspace       used 92860K, committed 93504K, reserved 1179648K
  class space    used 12793K, committed 13056K, reserved 1048576K
}
Event: 75.047 GC heap before
{Heap before GC invocations=37 (full 0):
 garbage-first heap   total 135168K, used 108110K [0x0000000080000000, 0x0000000100000000)
  region size 1024K, 43 young (44032K), 5 survivors (5120K)
 Metaspace       used 95410K, committed 96064K, reserved 1179648K
  class space    used 13148K, committed 13440K, reserved 1048576K
}
Event: 75.051 GC heap after
{Heap after GC invocations=38 (full 0):
 garbage-first heap   total 135168K, used 75021K [0x0000000080000000, 0x0000000100000000)
  region size 1024K, 6 young (6144K), 6 survivors (6144K)
 Metaspace       used 95410K, committed 96064K, reserved 1179648K
  class space    used 13148K, committed 13440K, reserved 1048576K
}
Event: 75.143 GC heap before
{Heap before GC invocations=38 (full 0):
 garbage-first heap   total 135168K, used 87309K [0x0000000080000000, 0x0000000100000000)
  region size 1024K, 20 young (20480K), 6 survivors (6144K)
 Metaspace       used 96351K, committed 96960K, reserved 1179648K
  class space    used 13229K, committed 13504K, reserved 1048576K
}

